<?xml version="1.0" encoding="UTF-8"?>
<testng-results skipped="0" failed="1" ignored="0" total="2" passed="1">
  <reporter-output>
  </reporter-output>
  <suite name="suite name" duration-ms="41441" started-at="2019-11-20T05:43:50Z" finished-at="2019-11-20T05:44:32Z">
    <groups>
    </groups>
    <test name="HomePage" duration-ms="41441" started-at="2019-11-20T05:43:50Z" finished-at="2019-11-20T05:44:32Z">
      <class name="com.atmecs.tutorialninja.testscripts.HomePage">
        <test-method status="PASS" signature="invokeBrowser()[pri:0, instance:com.atmecs.tutorialninja.testscripts.HomePage@5034c75a]" name="invokeBrowser" is-config="true" duration-ms="7232" started-at="2019-11-20T05:43:50Z" finished-at="2019-11-20T05:43:58Z">
          <reporter-output>
          </reporter-output>
        </test-method> <!-- invokeBrowser -->
        <test-method status="PASS" signature="setup()[pri:0, instance:com.atmecs.tutorialninja.testscripts.HomePage@5034c75a]" name="setup" is-config="true" duration-ms="9015" started-at="2019-11-20T05:43:58Z" finished-at="2019-11-20T05:44:07Z">
          <reporter-output>
          </reporter-output>
        </test-method> <!-- setup -->
        <test-method status="PASS" signature="home()[pri:0, instance:com.atmecs.tutorialninja.testscripts.HomePage@5034c75a]" name="home" duration-ms="25166" started-at="2019-11-20T05:44:07Z" finished-at="2019-11-20T05:44:32Z">
          <reporter-output>
          </reporter-output>
        </test-method> <!-- home -->
        <test-method status="PASS" signature="closeExtent()[pri:0, instance:com.atmecs.tutorialninja.testscripts.HomePage@5034c75a]" name="closeExtent" is-config="true" duration-ms="779" started-at="2019-11-20T05:44:32Z" finished-at="2019-11-20T05:44:33Z">
          <reporter-output>
          </reporter-output>
        </test-method> <!-- closeExtent -->
      </class> <!-- com.atmecs.tutorialninja.testscripts.HomePage -->
    </test> <!-- HomePage -->
  </suite> <!-- suite name -->
  <suite name="suite name (0)" duration-ms="18265" started-at="2019-11-20T05:44:33Z" finished-at="2019-11-20T05:44:51Z">
    <groups>
    </groups>
    <test name="HomePage" duration-ms="18265" started-at="2019-11-20T05:44:33Z" finished-at="2019-11-20T05:44:51Z">
      <class name="com.atmecs.tutorialninja.testscripts.HeatClinic">
        <test-method status="PASS" signature="invokeBrowser()[pri:0, instance:com.atmecs.tutorialninja.testscripts.HeatClinic@8bd1b6a]" name="invokeBrowser" is-config="true" duration-ms="5747" started-at="2019-11-20T05:44:33Z" finished-at="2019-11-20T05:44:38Z">
          <reporter-output>
          </reporter-output>
        </test-method> <!-- invokeBrowser -->
        <test-method status="PASS" signature="setup()[pri:0, instance:com.atmecs.tutorialninja.testscripts.HeatClinic@8bd1b6a]" name="setup" is-config="true" duration-ms="5296" started-at="2019-11-20T05:44:38Z" finished-at="2019-11-20T05:44:44Z">
          <reporter-output>
          </reporter-output>
        </test-method> <!-- setup -->
        <test-method status="FAIL" signature="heatclinic()[pri:0, instance:com.atmecs.tutorialninja.testscripts.HeatClinic@8bd1b6a]" name="heatclinic" duration-ms="7207" started-at="2019-11-20T05:44:44Z" finished-at="2019-11-20T05:44:51Z">
          <exception class="org.openqa.selenium.StaleElementReferenceException">
            <message>
              <![CDATA[stale element reference: element is not attached to the page document
  (Session info: chrome=78.0.3904.97)
For documentation on this error, please visit: https://www.seleniumhq.org/exceptions/stale_element_reference.html
Build info: version: '3.141.59', revision: 'e82be7d358', time: '2018-11-14T08:17:03'
System info: host: 'ATMECSINLT-060', ip: '55.55.52.253', os.name: 'Windows 10', os.arch: 'amd64', os.version: '10.0', java.version: '1.8.0_231'
Driver info: org.openqa.selenium.chrome.ChromeDriver
Capabilities {acceptInsecureCerts: false, browserName: chrome, browserVersion: 78.0.3904.97, chrome: {chromedriverVersion: 78.0.3904.70 (edb9c9f3de024..., userDataDir: C:\Users\SRINIS~1.THI\AppDa...}, goog:chromeOptions: {debuggerAddress: localhost:51383}, javascriptEnabled: true, networkConnectionEnabled: false, pageLoadStrategy: normal, platform: XP, platformName: XP, proxy: Proxy(), setWindowRect: true, strictFileInteractability: false, timeouts: {implicit: 0, pageLoad: 300000, script: 30000}, unhandledPromptBehavior: dismiss and notify}
Session ID: 05a80e873235da0d184e9d65a75151e6]]>
            </message>
            <full-stacktrace>
              <![CDATA[org.openqa.selenium.StaleElementReferenceException: stale element reference: element is not attached to the page document
  (Session info: chrome=78.0.3904.97)
For documentation on this error, please visit: https://www.seleniumhq.org/exceptions/stale_element_reference.html
Build info: version: '3.141.59', revision: 'e82be7d358', time: '2018-11-14T08:17:03'
System info: host: 'ATMECSINLT-060', ip: '55.55.52.253', os.name: 'Windows 10', os.arch: 'amd64', os.version: '10.0', java.version: '1.8.0_231'
Driver info: org.openqa.selenium.chrome.ChromeDriver
Capabilities {acceptInsecureCerts: false, browserName: chrome, browserVersion: 78.0.3904.97, chrome: {chromedriverVersion: 78.0.3904.70 (edb9c9f3de024..., userDataDir: C:\Users\SRINIS~1.THI\AppDa...}, goog:chromeOptions: {debuggerAddress: localhost:51383}, javascriptEnabled: true, networkConnectionEnabled: false, pageLoadStrategy: normal, platform: XP, platformName: XP, proxy: Proxy(), setWindowRect: true, strictFileInteractability: false, timeouts: {implicit: 0, pageLoad: 300000, script: 30000}, unhandledPromptBehavior: dismiss and notify}
Session ID: 05a80e873235da0d184e9d65a75151e6
at sun.reflect.NativeConstructorAccessorImpl.newInstance0(Native Method)
at sun.reflect.NativeConstructorAccessorImpl.newInstance(NativeConstructorAccessorImpl.java:62)
at sun.reflect.DelegatingConstructorAccessorImpl.newInstance(DelegatingConstructorAccessorImpl.java:45)
at java.lang.reflect.Constructor.newInstance(Constructor.java:423)
at org.openqa.selenium.remote.http.W3CHttpResponseCodec.createException(W3CHttpResponseCodec.java:187)
at org.openqa.selenium.remote.http.W3CHttpResponseCodec.decode(W3CHttpResponseCodec.java:122)
at org.openqa.selenium.remote.http.W3CHttpResponseCodec.decode(W3CHttpResponseCodec.java:49)
at org.openqa.selenium.remote.HttpCommandExecutor.execute(HttpCommandExecutor.java:158)
at org.openqa.selenium.remote.service.DriverCommandExecutor.execute(DriverCommandExecutor.java:83)
at org.openqa.selenium.remote.RemoteWebDriver.execute(RemoteWebDriver.java:552)
at org.openqa.selenium.remote.RemoteWebElement.execute(RemoteWebElement.java:285)
at org.openqa.selenium.remote.RemoteWebElement.click(RemoteWebElement.java:84)
at com.atmecs.tutorialninja.Testsuite.Pageactions.clickOnElement(Pageactions.java:91)
at com.atmecs.tutorialninja.testscripts.HeatClinic.heatclinic(HeatClinic.java:88)
at sun.reflect.NativeMethodAccessorImpl.invoke0(Native Method)
at sun.reflect.NativeMethodAccessorImpl.invoke(NativeMethodAccessorImpl.java:62)
at sun.reflect.DelegatingMethodAccessorImpl.invoke(DelegatingMethodAccessorImpl.java:43)
at java.lang.reflect.Method.invoke(Method.java:498)
at org.testng.internal.MethodInvocationHelper.invokeMethod(MethodInvocationHelper.java:124)
at org.testng.internal.Invoker.invokeMethod(Invoker.java:583)
at org.testng.internal.Invoker.invokeTestMethod(Invoker.java:719)
at org.testng.internal.Invoker.invokeTestMethods(Invoker.java:989)
at org.testng.internal.TestMethodWorker.invokeTestMethods(TestMethodWorker.java:125)
at org.testng.internal.TestMethodWorker.run(TestMethodWorker.java:109)
at org.testng.TestRunner.privateRun(TestRunner.java:648)
at org.testng.TestRunner.run(TestRunner.java:505)
at org.testng.SuiteRunner.runTest(SuiteRunner.java:455)
at org.testng.SuiteRunner.access$000(SuiteRunner.java:40)
at org.testng.SuiteRunner$SuiteWorker.run(SuiteRunner.java:489)
at org.testng.internal.thread.ThreadUtil$1.call(ThreadUtil.java:52)
at java.util.concurrent.FutureTask.run(FutureTask.java:266)
at java.util.concurrent.ThreadPoolExecutor.runWorker(ThreadPoolExecutor.java:1149)
at java.util.concurrent.ThreadPoolExecutor$Worker.run(ThreadPoolExecutor.java:624)
at java.lang.Thread.run(Thread.java:748)
]]>
            </full-stacktrace>
          </exception> <!-- org.openqa.selenium.StaleElementReferenceException -->
          <reporter-output>
          </reporter-output>
        </test-method> <!-- heatclinic -->
        <test-method status="PASS" signature="closeExtent()[pri:0, instance:com.atmecs.tutorialninja.testscripts.HeatClinic@8bd1b6a]" name="closeExtent" is-config="true" duration-ms="108" started-at="2019-11-20T05:44:51Z" finished-at="2019-11-20T05:44:51Z">
          <reporter-output>
          </reporter-output>
        </test-method> <!-- closeExtent -->
      </class> <!-- com.atmecs.tutorialninja.testscripts.HeatClinic -->
    </test> <!-- HomePage -->
  </suite> <!-- suite name (0) -->
  <suite name="ASSESSMENTWEBPAGES" duration-ms="0" started-at="2019-11-20T05:44:51Z" finished-at="2019-11-20T05:44:51Z">
    <groups>
    </groups>
  </suite> <!-- ASSESSMENTWEBPAGES -->
</testng-results>
