<?xml version="1.0" encoding="UTF-8"?>
<!-- Generated by org.testng.reporters.JUnitXMLReporter -->
<testsuite ignored="0" hostname="ATMECSINLT-060" failures="0" tests="1" name="HomePage" time="15.551" errors="0" timestamp="2019-11-20T15:06:24 IST">
  <testcase classname="com.atmecs.tutorialninja.testscripts.HeatClinic" name="@BeforeClass setup" time="9.988">
    <failure type="java.lang.NullPointerException">
      <![CDATA[java.lang.NullPointerException
at com.atmecs.tutorialsninja.utils.LogReport.info(LogReport.java:27)
at com.atmecs.tutorialninja.testscripts.HeatClinic.setup(HeatClinic.java:47)
at java.base/java.util.ArrayList.forEach(ArrayList.java:1507)
at java.base/java.util.concurrent.FutureTask.run(FutureTask.java:264)
at java.base/java.util.concurrent.ThreadPoolExecutor.runWorker(ThreadPoolExecutor.java:1128)
at java.base/java.util.concurrent.ThreadPoolExecutor$Worker.run(ThreadPoolExecutor.java:628)
at java.base/java.lang.Thread.run(Thread.java:830)
... Removed 16 stack frames]]>
    </failure>
  </testcase> <!-- @BeforeClass setup -->
  <testcase classname="com.atmecs.tutorialninja.testscripts.HeatClinic" name="heatclinic" time="0.0">
    <skipped/>
  </testcase> <!-- heatclinic -->
</testsuite> <!-- HomePage -->
