<?xml version="1.0" encoding="UTF-8"?>
<testng-results ignored="0" total="1" passed="1" failed="0" skipped="0">
  <reporter-output>
  </reporter-output>
  <suite started-at="2019-11-25T20:42:18 IST" name="Default suite" finished-at="2019-11-25T20:42:19 IST" duration-ms="1093">
    <groups>
    </groups>
    <test started-at="2019-11-25T20:42:18 IST" name="Default test" finished-at="2019-11-25T20:42:19 IST" duration-ms="1093">
      <class name="com.atmecs.tutorialsninja.utils.DateClass">
        <test-method signature="calendar()[pri:0, instance:com.atmecs.tutorialsninja.utils.DateClass@26ceffa8]" started-at="2019-11-25T20:42:18 IST" name="calendar" finished-at="2019-11-25T20:42:19 IST" duration-ms="1031" status="PASS">
          <reporter-output>
          </reporter-output>
        </test-method> <!-- calendar -->
      </class> <!-- com.atmecs.tutorialsninja.utils.DateClass -->
    </test> <!-- Default test -->
  </suite> <!-- Default suite -->
</testng-results>
